<?xml version="1.0" encoding="UTF-8"?>
<!-- Generated by org.testng.reporters.JUnitXMLReporter -->
<testsuite ignored="0" hostname="DESKTOP-S922UAC" failures="0" tests="3" name="Default test" time="5.953" errors="0" timestamp="2025-06-05T23:28:57 GMT+04:00">
  <testcase classname="ecommerce_Domain_Projects_DemoBlaze.T2_SignInPage" name="validateUrl" time="0.016"/>
  <testcase classname="ecommerce_Domain_Projects_DemoBlaze.T2_SignInPage" name="validateTitle" time="0.009"/>
  <testcase classname="ecommerce_Domain_Projects_DemoBlaze.T2_SignInPage" name="Dologin" time="2.412"/>
</testsuite> <!-- Default test -->
