<?xml version="1.0" encoding="UTF-8"?>
<!-- Generated by org.testng.reporters.JUnitXMLReporter -->
<testsuite ignored="0" hostname="DESKTOP-S922UAC" failures="2" tests="4" name="Test" time="59.464" errors="0" timestamp="2025-06-07T10:04:10 GMT+04:00">
  <testcase classname="OrangeHRM_DataDrivenTesting.OrangeHRM_Loginpage" name="LoginPage" time="26.168"/>
  <testcase classname="OrangeHRM_DataDrivenTesting.OrangeHRM_Loginpage" name="LoginPage" time="8.759">
    <failure type="java.lang.AssertionError" message="Login Fail for Invalid Credentials expected [true] but found [false]">
      <![CDATA[java.lang.AssertionError: Login Fail for Invalid Credentials expected [true] but found [false]
at OrangeHRM_DataDrivenTesting.OrangeHRM_Loginpage.LoginPage(OrangeHRM_Loginpage.java:36)
at java.base/java.util.ArrayList.forEach(ArrayList.java:1597)
... Removed 28 stack frames]]>
    </failure>
  </testcase> <!-- LoginPage -->
  <testcase classname="OrangeHRM_DataDrivenTesting.OrangeHRM_Loginpage" name="LoginPage" time="8.738">
    <failure type="java.lang.AssertionError" message="Login Fail for Invalid Credentials expected [true] but found [false]">
      <![CDATA[java.lang.AssertionError: Login Fail for Invalid Credentials expected [true] but found [false]
at OrangeHRM_DataDrivenTesting.OrangeHRM_Loginpage.LoginPage(OrangeHRM_Loginpage.java:36)
at java.base/java.util.ArrayList.forEach(ArrayList.java:1597)
... Removed 28 stack frames]]>
    </failure>
  </testcase> <!-- LoginPage -->
  <testcase classname="OrangeHRM_DataDrivenTesting.OrangeHRM_Loginpage" name="LoginPage" time="13.777"/>
</testsuite> <!-- Test -->
