<?xml version="1.0" encoding="UTF-8"?>
<!-- Generated by org.testng.reporters.JUnitXMLReporter -->
<testsuite ignored="0" hostname="DESKTOP-S922UAC" failures="0" tests="10" name="Test" time="13.936" errors="0" timestamp="2025-06-10T13:09:08 GMT+04:00">
  <testcase classname="TelecomDomain_APITestingProject.TelecomeProject" name="addNewUser" time="4.318"/>
  <testcase classname="TelecomDomain_APITestingProject.TelecomeProject" name="getUserProfile" time="1.026"/>
  <testcase classname="TelecomDomain_APITestingProject.TelecomeProject" name="updateUser" time="1.051"/>
  <testcase classname="TelecomDomain_APITestingProject.TelecomeProject" name="logInUser" time="1.06"/>
  <testcase classname="TelecomDomain_APITestingProject.TelecomeProject" name="addContact" time="1.083"/>
  <testcase classname="TelecomDomain_APITestingProject.TelecomeProject" name="getContactList" time="1.059"/>
  <testcase classname="TelecomDomain_APITestingProject.TelecomeProject" name="getContact" time="1.023"/>
  <testcase classname="TelecomDomain_APITestingProject.TelecomeProject" name="updateContact" time="1.053"/>
  <testcase classname="TelecomDomain_APITestingProject.TelecomeProject" name="patchUpdateContact" time="1.119"/>
  <testcase classname="TelecomDomain_APITestingProject.TelecomeProject" name="logoutUser" time="1.056"/>
</testsuite> <!-- Test -->
