<?xml version="1.0" encoding="UTF-8"?>
<testng-results ignored="0" total="10" passed="10" failed="0" skipped="0">
  <reporter-output>
  </reporter-output>
  <suite started-at="2025-06-10T14:09:22 GMT+04:00" name="Default suite" finished-at="2025-06-10T14:09:36 GMT+04:00" duration-ms="13869">
    <groups>
    </groups>
    <test started-at="2025-06-10T14:09:22 GMT+04:00" name="Default test" finished-at="2025-06-10T14:09:36 GMT+04:00" duration-ms="13869">
      <class name="TelecomDomain_APITestingProject.TelecomeProject">
        <test-method signature="addNewUser()[pri:1, instance:TelecomDomain_APITestingProject.TelecomeProject@75db5df9]" started-at="2025-06-10T14:09:22 GMT+04:00" name="addNewUser" finished-at="2025-06-10T14:09:26 GMT+04:00" duration-ms="4288" status="PASS">
          <reporter-output>
          </reporter-output>
        </test-method> <!-- addNewUser -->
        <test-method signature="getUserProfile()[pri:2, instance:TelecomDomain_APITestingProject.TelecomeProject@75db5df9]" started-at="2025-06-10T14:09:26 GMT+04:00" name="getUserProfile" finished-at="2025-06-10T14:09:27 GMT+04:00" depends-on-methods="TelecomDomain_APITestingProject.TelecomeProject.addNewUser" duration-ms="1040" status="PASS">
          <reporter-output>
          </reporter-output>
        </test-method> <!-- getUserProfile -->
        <test-method signature="updateUser()[pri:3, instance:TelecomDomain_APITestingProject.TelecomeProject@75db5df9]" started-at="2025-06-10T14:09:27 GMT+04:00" name="updateUser" finished-at="2025-06-10T14:09:28 GMT+04:00" depends-on-methods="TelecomDomain_APITestingProject.TelecomeProject.addNewUser" duration-ms="1023" status="PASS">
          <reporter-output>
          </reporter-output>
        </test-method> <!-- updateUser -->
        <test-method signature="logInUser()[pri:4, instance:TelecomDomain_APITestingProject.TelecomeProject@75db5df9]" started-at="2025-06-10T14:09:28 GMT+04:00" name="logInUser" finished-at="2025-06-10T14:09:29 GMT+04:00" duration-ms="1107" status="PASS">
          <reporter-output>
          </reporter-output>
        </test-method> <!-- logInUser -->
        <test-method signature="addContact()[pri:5, instance:TelecomDomain_APITestingProject.TelecomeProject@75db5df9]" started-at="2025-06-10T14:09:29 GMT+04:00" name="addContact" finished-at="2025-06-10T14:09:30 GMT+04:00" depends-on-methods="TelecomDomain_APITestingProject.TelecomeProject.logInUser" duration-ms="1068" status="PASS">
          <reporter-output>
          </reporter-output>
        </test-method> <!-- addContact -->
        <test-method signature="getContactList()[pri:6, instance:TelecomDomain_APITestingProject.TelecomeProject@75db5df9]" started-at="2025-06-10T14:09:30 GMT+04:00" name="getContactList" finished-at="2025-06-10T14:09:31 GMT+04:00" depends-on-methods="TelecomDomain_APITestingProject.TelecomeProject.logInUser" duration-ms="1116" status="PASS">
          <reporter-output>
          </reporter-output>
        </test-method> <!-- getContactList -->
        <test-method signature="getContact()[pri:7, instance:TelecomDomain_APITestingProject.TelecomeProject@75db5df9]" started-at="2025-06-10T14:09:31 GMT+04:00" name="getContact" finished-at="2025-06-10T14:09:32 GMT+04:00" depends-on-methods="TelecomDomain_APITestingProject.TelecomeProject.logInUser" duration-ms="1039" status="PASS">
          <reporter-output>
          </reporter-output>
        </test-method> <!-- getContact -->
        <test-method signature="updateContact()[pri:8, instance:TelecomDomain_APITestingProject.TelecomeProject@75db5df9]" started-at="2025-06-10T14:09:32 GMT+04:00" name="updateContact" finished-at="2025-06-10T14:09:33 GMT+04:00" depends-on-methods="TelecomDomain_APITestingProject.TelecomeProject.logInUser" duration-ms="1025" status="PASS">
          <reporter-output>
          </reporter-output>
        </test-method> <!-- updateContact -->
        <test-method signature="patchUpdateContact()[pri:9, instance:TelecomDomain_APITestingProject.TelecomeProject@75db5df9]" started-at="2025-06-10T14:09:33 GMT+04:00" name="patchUpdateContact" finished-at="2025-06-10T14:09:34 GMT+04:00" depends-on-methods="TelecomDomain_APITestingProject.TelecomeProject.logInUser" duration-ms="1038" status="PASS">
          <reporter-output>
          </reporter-output>
        </test-method> <!-- patchUpdateContact -->
        <test-method signature="logoutUser()[pri:10, instance:TelecomDomain_APITestingProject.TelecomeProject@75db5df9]" started-at="2025-06-10T14:09:34 GMT+04:00" name="logoutUser" finished-at="2025-06-10T14:09:36 GMT+04:00" depends-on-methods="TelecomDomain_APITestingProject.TelecomeProject.logInUser" duration-ms="1038" status="PASS">
          <reporter-output>
          </reporter-output>
        </test-method> <!-- logoutUser -->
      </class> <!-- TelecomDomain_APITestingProject.TelecomeProject -->
    </test> <!-- Default test -->
  </suite> <!-- Default suite -->
</testng-results>
